<?xml version="1.0" encoding="UTF-8"?>
<!-- Generated by org.testng.reporters.JUnitXMLReporter -->
<testsuite ignored="0" hostname="WTIN06575208L" failures="1" tests="1" name="Test" time="10.483" errors="0" timestamp="2024-02-15T15:49:03 IST">
  <testcase classname="Project2.Amazon.Testcase9" name="login_with_valid_credentials" time="0.0">
    <failure type="java.lang.NullPointerException" message="Cannot invoke &amp;quot;org.openqa.selenium.TakesScreenshot.getScreenshotAs(org.openqa.selenium.OutputType)&amp;quot; because &amp;quot;ss1&amp;quot; is null">
      <![CDATA[java.lang.NullPointerException: Cannot invoke "org.openqa.selenium.TakesScreenshot.getScreenshotAs(org.openqa.selenium.OutputType)" because "ss1" is null
at Project2.Amazon.Testlistners_implemented.onTestStart(Testlistners_implemented.java:23)
at java.base/java.util.ArrayList.forEach(ArrayList.java:1511)
... Removed 24 stack frames]]>
    </failure>
  </testcase> <!-- login_with_valid_credentials -->
</testsuite> <!-- Test -->
