<?xml version="1.0" encoding="UTF-8"?>
<testng-results ignored="0" total="1" passed="1" failed="0" skipped="0">
  <reporter-output>
    <line>
      <![CDATA[Test case Started1]]>
    </line>
    <line>
      <![CDATA[Test case Started]]>
    </line>
    <line>
      <![CDATA[Test case passed]]>
    </line>
  </reporter-output>
  <suite started-at="2024-03-05T14:09:14 IST" name="Default suite" finished-at="2024-03-05T14:09:59 IST" duration-ms="44888">
    <groups>
    </groups>
    <test started-at="2024-03-05T14:09:14 IST" name="Default test" finished-at="2024-03-05T14:09:59 IST" duration-ms="44888">
      <class name="Project2.Amazon.Testcase13">
        <test-method is-config="true" signature="launchbrowser()[pri:0, instance:Project2.Amazon.Testcase13@18df8434]" started-at="2024-03-05T14:09:14 IST" name="launchbrowser" finished-at="2024-03-05T14:09:21 IST" duration-ms="6711" status="PASS">
          <reporter-output>
          </reporter-output>
        </test-method> <!-- launchbrowser -->
        <test-method signature="Items_qty_delete(java.lang.String)[pri:0, instance:Project2.Amazon.Testcase13@18df8434]" started-at="2024-03-05T14:09:21 IST" name="Items_qty_delete" data-provider="Product" finished-at="2024-03-05T14:09:59 IST" duration-ms="37852" status="PASS">
          <params>
            <param index="0">
              <value>
                <![CDATA[Shirt]]>
              </value>
            </param>
          </params>
          <reporter-output>
            <line>
              <![CDATA[Test case Started]]>
            </line>
            <line>
              <![CDATA[Test case passed]]>
            </line>
          </reporter-output>
        </test-method> <!-- Items_qty_delete -->
        <test-method is-config="true" signature="quitbrowser()[pri:0, instance:Project2.Amazon.Testcase13@18df8434]" started-at="2024-03-05T14:09:59 IST" name="quitbrowser" finished-at="2024-03-05T14:09:59 IST" duration-ms="0" status="PASS">
          <reporter-output>
          </reporter-output>
        </test-method> <!-- quitbrowser -->
      </class> <!-- Project2.Amazon.Testcase13 -->
    </test> <!-- Default test -->
  </suite> <!-- Default suite -->
</testng-results>
